<?xml version="1.0" encoding="UTF-8"?>
<!-- Generated by org.testng.reporters.JUnitReportReporter -->
<testsuite hostname="DESKTOP-HA4J20Q" failures="0" tests="2" name="tests.RedditTitleTest" time="9.624" errors="0" timestamp="2025-09-23T21:13:53 EDT" skipped="0">
  <testcase classname="tests.RedditTitleTest" name="testPageTitle" time="5.713"/>
  <testcase classname="tests.RedditTitleTest" name="testPageTitle" time="3.911"/>
</testsuite> <!-- tests.RedditTitleTest -->
