<?xml version="1.0" encoding="UTF-8"?>
<!-- Generated by org.testng.reporters.JUnitReportReporter -->
<testsuite hostname="DESKTOP-HA4J20Q" failures="0" tests="2" name="tests.RedditHomePageTest" time="6.171" errors="0" timestamp="2025-09-24T09:29:19 EDT" skipped="0">
  <testcase classname="tests.RedditHomePageTest" name="testLoginLinkVisible" time="1.766"/>
  <testcase classname="tests.RedditHomePageTest" name="testLoginLinkVisible" time="4.405"/>
</testsuite> <!-- tests.RedditHomePageTest -->
