<?xml version="1.0" encoding="UTF-8"?>
<!-- Generated by org.testng.reporters.JUnitReportReporter -->
<testsuite hostname="DESKTOP-HA4J20Q" failures="0" tests="2" name="tests.RedditTitleTest" time="7.429" errors="0" timestamp="2025-09-24T09:29:19 EDT" skipped="0">
  <testcase classname="tests.RedditTitleTest" name="testPageTitle" time="2.858"/>
  <testcase classname="tests.RedditTitleTest" name="testPageTitle" time="4.571"/>
</testsuite> <!-- tests.RedditTitleTest -->
